Build started 5/24/2016 8:10:04 AM.
     1>Project "\\dav.edu\students\HS16$\mevanderkuur76\my documents\visual studio 2013\Projects\Final Project\Final Project\Final Project.vcxproj" on node 2 (Build target(s)).
     1>ClCompile:
         C:\Program Files (x86)\Microsoft Visual Studio 12.0\VC\bin\CL.exe /c /ZI /nologo /W3 /WX- /sdl /Od /Oy- /D _MBCS /Gm /EHsc /RTC1 /MDd /GS /fp:precise /Zc:wchar_t /Zc:forScope /Fo"Debug\\" /Fd"Debug\vc120.pdb" /Gd /TP /analyze- /errorReport:prompt Main.cpp
         Main.cpp
     1>\\dav.edu\students\hs16$\mevanderkuur76\my documents\visual studio 2013\projects\final project\final project\main.cpp(26): warning C4244: 'argument' : conversion from 'time_t' to 'unsigned int', possible loss of data
     1>\\dav.edu\students\hs16$\mevanderkuur76\my documents\visual studio 2013\projects\final project\final project\main.cpp(155): error C4700: uninitialized local variable 'n' used
     1>\\dav.edu\students\hs16$\mevanderkuur76\my documents\visual studio 2013\projects\final project\final project\main.cpp(29): error C4700: uninitialized local variable 'questions' used
     1>Done Building Project "\\dav.edu\students\HS16$\mevanderkuur76\my documents\visual studio 2013\Projects\Final Project\Final Project\Final Project.vcxproj" (Build target(s)) -- FAILED.

Build FAILED.

Time Elapsed 00:00:01.00
